app/build/outputs/logs/manifest-merger-debug-report.txt
-- Merging decision tree log ---
manifest
ADDED from src\main\AndroidManifest.xml:2:1-67:12
	package
		ADDED from src\main\AndroidManifest.xml:3:5-60
		INJECTED from src\main\AndroidManifest.xml
		INJECTED from src\main\AndroidManifest.xml
	android:versionName
		ADDED from src\main\AndroidManifest.xml:5:5-32
		INJECTED from src\main\AndroidManifest.xml
		INJECTED from src\main\AndroidManifest.xml
	android:versionCode
		ADDED from src\main\AndroidManifest.xml:4:5-29
		INJECTED from src\main\AndroidManifest.xml
		INJECTED from src\main\AndroidManifest.xml
	xmlns:android
		ADDED from src\main\AndroidManifest.xml:2:11-69
uses-sdk
ADDED from src\main\AndroidManifest.xml:7:5-9:41
MERGED from [com.android.support:appcompat-v7:25.3.1] AndroidManifest.xml:21:5-23:78
MERGED from [com.android.support:support-v4:25.3.1] AndroidManifest.xml:21:5-23:54
MERGED from [com.android.support:support-fragment:25.3.1] AndroidManifest.xml:21:5-23:60
MERGED from [com.android.support:support-media-compat:25.3.1] AndroidManifest.xml:21:5-23:63
MERGED from [com.android.support:support-core-ui:25.3.1] AndroidManifest.xml:21:5-23:58
MERGED from [com.android.support:support-core-utils:25.3.1] AndroidManifest.xml:21:5-23:61
MERGED from [com.android.support:animated-vector-drawable:25.3.1] AndroidManifest.xml:20:5-44
MERGED from [com.android.support:support-vector-drawable:25.3.1] AndroidManifest.xml:20:5-43
MERGED from [com.android.support:support-compat:25.3.1] AndroidManifest.xml:21:5-23:58
MERGED from [com.android.support.constraint:constraint-layout:1.0.2] AndroidManifest.xml:5:5-7:41
	tools:overrideLibrary
		ADDED from [com.android.support:appcompat-v7:25.3.1] AndroidManifest.xml:23:9-75
	android:targetSdkVersion
		ADDED from src\main\AndroidManifest.xml:9:9-38
		INJECTED from src\main\AndroidManifest.xml
		INJECTED from src\main\AndroidManifest.xml
	android:minSdkVersion
		ADDED from src\main\AndroidManifest.xml:8:9-35
		INJECTED from src\main\AndroidManifest.xml
		INJECTED from src\main\AndroidManifest.xml
uses-permission#android.permission.ACCESS_SUPERUSER
ADDED from src\main\AndroidManifest.xml:11:5-75
	android:name
		ADDED from src\main\AndroidManifest.xml:11:22-72
uses-permission#android.permission.WRITE_EXTERNAL_STORAGE
ADDED from src\main\AndroidManifest.xml:12:5-81
	android:name
		ADDED from src\main\AndroidManifest.xml:12:22-78
uses-permission#android.permission.READ_PHONE_STATE
ADDED from src\main\AndroidManifest.xml:13:5-75
	android:name
		ADDED from src\main\AndroidManifest.xml:13:22-72
uses-permission#android.permission.READ_EXTERNAL_STORAGE
ADDED from src\main\AndroidManifest.xml:14:5-80
	android:name
		ADDED from src\main\AndroidManifest.xml:14:22-77
uses-permission#android.permission.INTERNET
ADDED from src\main\AndroidManifest.xml:15:5-67
	android:name
		ADDED from src\main\AndroidManifest.xml:15:22-64
application
ADDED from src\main\AndroidManifest.xml:17:5-65:19
MERGED from [com.android.support:appcompat-v7:25.3.1] AndroidManifest.xml:29:5-20
MERGED from [com.android.support:support-v4:25.3.1] AndroidManifest.xml:29:5-20
MERGED from [com.android.support:support-fragment:25.3.1] AndroidManifest.xml:29:5-20
MERGED from [com.android.support:support-media-compat:25.3.1] AndroidManifest.xml:29:5-20
MERGED from [com.android.support:support-core-ui:25.3.1] AndroidManifest.xml:29:5-20
MERGED from [com.android.support:support-core-utils:25.3.1] AndroidManifest.xml:29:5-20
MERGED from [com.android.support:animated-vector-drawable:25.3.1] AndroidManifest.xml:26:5-20
MERGED from [com.android.support:support-vector-drawable:25.3.1] AndroidManifest.xml:26:5-20
MERGED from [com.android.support:support-compat:25.3.1] AndroidManifest.xml:29:5-20
MERGED from [com.android.support.constraint:constraint-layout:1.0.2] AndroidManifest.xml:9:5-20
	android:label
		ADDED from src\main\AndroidManifest.xml:21:9-41
	android:allowBackup
		ADDED from src\main\AndroidManifest.xml:19:9-35
	android:icon
		ADDED from src\main\AndroidManifest.xml:20:9-41
	android:theme
		ADDED from src\main\AndroidManifest.xml:22:9-45
	android:name
		ADDED from src\main\AndroidManifest.xml:18:9-46
activity#com.example.android.de_app_slicing.propeditor.activities.PropEditorActivity
ADDED from src\main\AndroidManifest.xml:23:9-27:57
	android:label
		ADDED from src\main\AndroidManifest.xml:25:13-45
	android:launchMode
		ADDED from src\main\AndroidManifest.xml:26:13-43
	android:windowSoftInputMode
		ADDED from src\main\AndroidManifest.xml:27:13-54
	android:name
		ADDED from src\main\AndroidManifest.xml:24:13-58
provider#com.example.android.de_app_slicing.propeditor.provider.CachedFileProvider
ADDED from src\main\AndroidManifest.xml:29:9-37:20
	android:authorities
		ADDED from src\main\AndroidManifest.xml:31:13-86
	android:grantUriPermissions
		ADDED from src\main\AndroidManifest.xml:33:13-47
	android:exported
		ADDED from src\main\AndroidManifest.xml:32:13-37
	android:name
		ADDED from src\main\AndroidManifest.xml:30:13-56
meta-data#android.support.FILE_PROVIDER_PATHS
ADDED from src\main\AndroidManifest.xml:34:13-36:56
	android:resource
		ADDED from src\main\AndroidManifest.xml:36:17-53
	android:name
		ADDED from src\main\AndroidManifest.xml:35:17-67
activity#com.example.android.de_app_slicing.propeditor.activities.SendFeedbackActivity
ADDED from src\main\AndroidManifest.xml:39:9-69
	android:name
		ADDED from src\main\AndroidManifest.xml:39:19-66
activity#com.example.android.de_app_slicing.propeditor.activities.HelpActivity
ADDED from src\main\AndroidManifest.xml:40:9-61
	android:name
		ADDED from src\main\AndroidManifest.xml:40:19-58
activity#com.example.android.de_app_slicing.propeditor.SplashScreen
ADDED from src\main\AndroidManifest.xml:41:9-47:20
	android:name
		ADDED from src\main\AndroidManifest.xml:41:19-47
intent-filter#android.intent.action.MAIN+android.intent.category.LAUNCHER
ADDED from src\main\AndroidManifest.xml:42:13-46:29
action#android.intent.action.MAIN
ADDED from src\main\AndroidManifest.xml:43:17-69
	android:name
		ADDED from src\main\AndroidManifest.xml:43:25-66
category#android.intent.category.LAUNCHER
ADDED from src\main\AndroidManifest.xml:45:17-77
	android:name
		ADDED from src\main\AndroidManifest.xml:45:27-74
activity#com.example.android.de_app_slicing.propeditor.MainActivity
ADDED from src\main\AndroidManifest.xml:48:9-50
	android:name
		ADDED from src\main\AndroidManifest.xml:48:19-47
activity#com.example.android.de_app_slicing.propeditor.RootFailActivity
ADDED from src\main\AndroidManifest.xml:49:9-54
	android:name
		ADDED from src\main\AndroidManifest.xml:49:19-51
activity#com.example.android.de_app_slicing.propeditor.InfoActivity3
ADDED from src\main\AndroidManifest.xml:50:9-51
	android:name
		ADDED from src\main\AndroidManifest.xml:50:19-48
activity#com.example.android.de_app_slicing.propeditor.Infoactivity1
ADDED from src\main\AndroidManifest.xml:51:9-51
	android:name
		ADDED from src\main\AndroidManifest.xml:51:19-48
activity#com.example.android.de_app_slicing.propeditor.InfoActivity2
ADDED from src\main\AndroidManifest.xml:52:9-51
	android:name
		ADDED from src\main\AndroidManifest.xml:52:19-48
activity#com.example.android.de_app_slicing.propeditor.InfoActivity4
ADDED from src\main\AndroidManifest.xml:53:9-51
	android:name
		ADDED from src\main\AndroidManifest.xml:53:19-48
activity#com.example.android.de_app_slicing.propeditor.InfoActivity5
ADDED from src\main\AndroidManifest.xml:54:9-51
	android:name
		ADDED from src\main\AndroidManifest.xml:54:19-48
activity#com.example.android.de_app_slicing.propeditor.InfoActivity6
ADDED from src\main\AndroidManifest.xml:55:9-51
	android:name
		ADDED from src\main\AndroidManifest.xml:55:19-48
activity#com.example.android.de_app_slicing.propeditor.Infoactivity7
ADDED from src\main\AndroidManifest.xml:56:9-51
	android:name
		ADDED from src\main\AndroidManifest.xml:56:19-48
activity#com.example.android.de_app_slicing.propeditor.TweaksListActivity
ADDED from src\main\AndroidManifest.xml:57:9-56
	android:name
		ADDED from src\main\AndroidManifest.xml:57:19-53
activity#com.example.android.de_app_slicing.propeditor.AutoRotationOnLockScreen
ADDED from src\main\AndroidManifest.xml:58:9-62
	android:name
		ADDED from src\main\AndroidManifest.xml:58:19-59
activity#com.example.android.de_app_slicing.propeditor.dpiChange
ADDED from src\main\AndroidManifest.xml:59:9-47
	android:name
		ADDED from src\main\AndroidManifest.xml:59:19-44
activity#com.example.android.de_app_slicing.propeditor.PhoneRing
ADDED from src\main\AndroidManifest.xml:60:9-47
	android:name
		ADDED from src\main\AndroidManifest.xml:60:19-44
activity#com.example.android.de_app_slicing.propeditor.jpegEncoding
ADDED from src\main\AndroidManifest.xml:61:9-50
	android:name
		ADDED from src\main\AndroidManifest.xml:61:19-47
activity#com.example.android.de_app_slicing.propeditor.googleDNS
ADDED from src\main\AndroidManifest.xml:62:9-47
	android:name
		ADDED from src\main\AndroidManifest.xml:62:19-44
activity#com.example.android.de_app_slicing.propeditor.ManualEdit
ADDED from src\main\AndroidManifest.xml:63:9-48
	android:name
		ADDED from src\main\AndroidManifest.xml:63:19-45
activity#com.example.android.de_app_slicing.propeditor.AppCompatible
ADDED from src\main\AndroidManifest.xml:64:9-60
	android:name
		ADDED from src\main\AndroidManifest.xml:64:19-48
meta-data#android.support.VERSION
ADDED from [com.android.support:appcompat-v7:25.3.1] AndroidManifest.xml:25:5-27:34
MERGED from [com.android.support:support-v4:25.3.1] AndroidManifest.xml:25:5-27:34
MERGED from [com.android.support:support-fragment:25.3.1] AndroidManifest.xml:25:5-27:34
MERGED from [com.android.support:support-media-compat:25.3.1] AndroidManifest.xml:25:5-27:34
MERGED from [com.android.support:support-core-ui:25.3.1] AndroidManifest.xml:25:5-27:34
MERGED from [com.android.support:support-core-utils:25.3.1] AndroidManifest.xml:25:5-27:34
MERGED from [com.android.support:animated-vector-drawable:25.3.1] AndroidManifest.xml:22:5-24:34
MERGED from [com.android.support:support-vector-drawable:25.3.1] AndroidManifest.xml:22:5-24:34
MERGED from [com.android.support:support-compat:25.3.1] AndroidManifest.xml:25:5-27:34
	android:value
		ADDED from [com.android.support:appcompat-v7:25.3.1] AndroidManifest.xml:27:9-31
	android:name
		ADDED from [com.android.support:appcompat-v7:25.3.1] AndroidManifest.xml:26:9-47